<?xml version="1.0" encoding="UTF-8"?>
<!-- Generated by org.testng.reporters.JUnitReportReporter -->
<testsuite hostname="LAPTOP-NRJMSC7T" name="com.zee5.PWASmokeScripts.ValidateZeeContentFromVodafoneNativeApp" tests="1" failures="0" timestamp="5 May 2020 08:15:05 GMT" time="137.508" errors="0">
  <testcase name="launch" time="137.508" classname="com.zee5.PWASmokeScripts.ValidateZeeContentFromVodafoneNativeApp"/>
</testsuite> <!-- com.zee5.PWASmokeScripts.ValidateZeeContentFromVodafoneNativeApp -->
