<?xml version="1.0" encoding="UTF-8"?>
<!-- Generated by org.testng.reporters.JUnitReportReporter -->
<testsuite hostname="LAPTOP-NRJMSC7T" name="com.zee5.PWAScripts.ValidateZeeContentFromVodafoneNativeApp" tests="1" failures="0" timestamp="4 May 2020 13:52:15 GMT" time="330.596" errors="0">
  <testcase name="launch" time="330.596" classname="com.zee5.PWAScripts.ValidateZeeContentFromVodafoneNativeApp"/>
</testsuite> <!-- com.zee5.PWAScripts.ValidateZeeContentFromVodafoneNativeApp -->
