<?xml version="1.0" encoding="UTF-8"?>
<!-- Generated by org.testng.reporters.JUnitReportReporter -->
<testsuite hostname="DESKTOP-UFUPRO6" failures="0" tests="1" name="com.zee5.Zee5TvScripts.TvZee5HotSuite" time="1428.635" errors="0" timestamp="2022-03-24T11:54:19 IST" skipped="0">
  <testcase classname="com.zee5.Zee5TvScripts.TvZee5HotSuite" name="profileselection" time="1428.635"/>
  <system-out/>
</testsuite> <!-- com.zee5.Zee5TvScripts.TvZee5HotSuite -->
