<?xml version="1.0" encoding="UTF-8"?>
<!-- Generated by org.testng.reporters.JUnitReportReporter -->
<testsuite hostname="DESKTOP-077G3EM" failures="0" tests="1" name="com.GCash_GGivesScripts.JIRATest" time="3.176" errors="0" timestamp="2022-09-18T08:24:50 IST" skipped="0">
  <testcase classname="com.GCash_GGivesScripts.JIRATest" name="jirs" time="3.176"/>
  <system-out/>
</testsuite> <!-- com.GCash_GGivesScripts.JIRATest -->
