<?xml version="1.0" encoding="UTF-8"?>
<!-- Generated by org.testng.reporters.JUnitReportReporter -->
<testsuite hostname="LAPTOP-NRJMSC7T" name="com.zee5.PWAScripts.ValidateZeeContentFormVodafoneWebApp" tests="1" failures="0" timestamp="4 May 2020 13:58:22 GMT" time="197.521" errors="0">
  <testcase name="launch" time="197.521" classname="com.zee5.PWAScripts.ValidateZeeContentFormVodafoneWebApp"/>
</testsuite> <!-- com.zee5.PWAScripts.ValidateZeeContentFormVodafoneWebApp -->
