<?xml version="1.0" encoding="UTF-8"?>
<!-- Generated by org.testng.reporters.JUnitReportReporter -->
<testsuite hostname="LAPTOP-NRJMSC7T" name="com.zee5.PWAScripts.PWAPlayerTest" tests="1" failures="0" timestamp="10 Apr 2020 13:32:50 GMT" time="159.188" errors="0">
  <testcase name="verifyConsumptionsScreen" time="159.188" classname="com.zee5.PWAScripts.PWAPlayerTest"/>
</testsuite> <!-- com.zee5.PWAScripts.PWAPlayerTest -->
