<?xml version="1.0" encoding="UTF-8"?>
<!-- Generated by org.testng.reporters.JUnitReportReporter -->
<testsuite hostname="DESKTOP-077G3EM" failures="0" tests="7" name="com.MLWalletScripts.MLWalletScripts" time="328.288" errors="0" timestamp="2022-09-07T13:12:46 IST" skipped="0">
  <testcase classname="com.MLWalletScripts.MLWalletScripts" name="Allowpopup" time="8.521"/>
  <system-out/>
  <testcase classname="com.MLWalletScripts.MLWalletScripts" name="Login" time="95.155"/>
  <system-out/>
  <testcase classname="com.MLWalletScripts.MLWalletScripts" name="gGivesHomePage" time="74.530"/>
  <system-out/>
  <testcase classname="com.MLWalletScripts.MLWalletScripts" name="gGivesViewPage" time="3.748"/>
  <system-out/>
  <testcase classname="com.MLWalletScripts.MLWalletScripts" name="gGivesDashboardPage" time="137.915"/>
  <system-out/>
  <testcase classname="com.MLWalletScripts.MLWalletScripts" name="gGivesDuesPage" time="0.696"/>
  <system-out/>
  <testcase classname="com.MLWalletScripts.MLWalletScripts" name="gGivesPaymentPage" time="7.723"/>
  <system-out/>
</testsuite> <!-- com.MLWalletScripts.MLWalletScripts -->
