<?xml version="1.0" encoding="UTF-8"?>
<!-- Generated by org.testng.reporters.JUnitReportReporter -->
<testsuite hostname="LAPTOP-NRJMSC7T" name="com.zee5.PWASmokeScripts.ValidateZeeContentFormVodafoneWebApp" tests="1" failures="0" timestamp="6 May 2020 07:18:31 GMT" time="209.368" errors="0">
  <testcase name="launch" time="209.368" classname="com.zee5.PWASmokeScripts.ValidateZeeContentFormVodafoneWebApp"/>
</testsuite> <!-- com.zee5.PWASmokeScripts.ValidateZeeContentFormVodafoneWebApp -->
