<?xml version="1.0" encoding="UTF-8"?>
<!-- Generated by org.testng.reporters.JUnitReportReporter -->
<testsuite hostname="LAPTOP-67V1EJPO" failures="0" tests="1" name="com.zee5.Zee5TvScripts.TvZee5ATVScripts" time="118.883" errors="0" timestamp="2022-06-13T11:59:53 IST" skipped="0">
  <testcase classname="com.zee5.Zee5TvScripts.TvZee5ATVScripts" name="Demo1" time="118.883"/>
  <system-out/>
</testsuite> <!-- com.zee5.Zee5TvScripts.TvZee5ATVScripts -->
