<?xml version="1.0" encoding="UTF-8"?>
<!-- Generated by org.testng.reporters.JUnitReportReporter -->
<testsuite skipped="0" hostname="DESKTOP-M2JB44L" name="com.zee5.PWASanityScripts.WebPWASanityScript" tests="2" failures="0" timestamp="2021-05-05T16:57:36 IST" time="72.529" errors="0">
  <testcase name="PWAWEBLogin" time="61.991" classname="com.zee5.PWASanityScripts.WebPWASanityScript"/>
  <system-out/>
  <testcase name="comboOffer" time="10.538" classname="com.zee5.PWASanityScripts.WebPWASanityScript"/>
  <system-out/>
</testsuite> <!-- com.zee5.PWASanityScripts.WebPWASanityScript -->
