<?xml version="1.0" encoding="UTF-8"?>
<!-- Generated by org.testng.reporters.JUnitReportReporter -->
<testsuite hostname="LAPTOP-7AIFL2R7" failures="0" tests="5" name="com.VootKidsScripts.VootKidsScripts" time="277.396" errors="0" timestamp="2022-09-01T13:48:16 IST" skipped="0">
  <testcase classname="com.VootKidsScripts.VootKidsScripts" name="Allowpopup" time="3.517"/>
  <system-out/>
  <testcase classname="com.VootKidsScripts.VootKidsScripts" name="Login" time="59.167"/>
  <system-out/>
  <testcase classname="com.VootKidsScripts.VootKidsScripts" name="sendMoney" time="16.705"/>
  <system-out/>
  <testcase classname="com.VootKidsScripts.VootKidsScripts" name="withdrawMoney" time="66.204"/>
  <system-out/>
  <testcase classname="com.VootKidsScripts.VootKidsScripts" name="walletTowallet" time="131.803"/>
  <system-out/>
</testsuite> <!-- com.VootKidsScripts.VootKidsScripts -->
