<?xml version="1.0" encoding="UTF-8"?>
<!-- Generated by org.testng.reporters.JUnitReportReporter -->
<testsuite hostname="IGS" name="com.Zee5TestScripts.ZeeOnboarding" tests="7" failures="0" timestamp="9 Jan 2020 07:22:19 GMT" time="185.116" errors="0">
  <testcase name="GivePermission" time="2.110" classname="com.Zee5TestScripts.ZeeOnboarding"/>
  <testcase name="First_time_Welcome_to_Zee5_Screen_Verify_Update_language_Screen" time="57.657" classname="com.Zee5TestScripts.ZeeOnboarding"/>
  <testcase name="Permission_shall_not_be_displayed_for_subsequently_Login" time="39.168" classname="com.Zee5TestScripts.ZeeOnboarding"/>
  <testcase name="Verify_UpdateLanguage_From_HomePage" time="24.721" classname="com.Zee5TestScripts.ZeeOnboarding"/>
  <testcase name="Verify_The_UI_onboardingScreen_and_Login" time="27.229" classname="com.Zee5TestScripts.ZeeOnboarding"/>
  <testcase name="WelcomeScreen" time="3.620" classname="com.Zee5TestScripts.ZeeOnboarding"/>
  <testcase name="verify_IntermediateScreen_Appears_for_All_Users_and_trays_and_UI_OnHomePage" time="30.611" classname="com.Zee5TestScripts.ZeeOnboarding"/>
</testsuite> <!-- com.Zee5TestScripts.ZeeOnboarding -->
