<?xml version="1.0" encoding="UTF-8"?>
<!-- Generated by org.testng.reporters.JUnitReportReporter -->
<testsuite hostname="LAPTOP-NRJMSC7T" name="com.zee5.PWAScripts.vootPWAPlayerTap" tests="1" failures="0" timestamp="24 Apr 2020 11:08:59 GMT" time="84.088" errors="0">
  <testcase name="verifyVootPlayerTap" time="84.088" classname="com.zee5.PWAScripts.vootPWAPlayerTap"/>
</testsuite> <!-- com.zee5.PWAScripts.vootPWAPlayerTap -->
