<?xml version="1.0" encoding="UTF-8"?>
<!-- Generated by org.testng.reporters.JUnitReportReporter -->
<testsuite skipped="0" hostname="DESKTOP-077G3EM" name="com.GCash_GGivesScripts.GCASHScripts" tests="11" failures="0" timestamp="2022-09-28T15:35:17 IST" time="468.884" errors="0">
  <testcase name="Allowpopup" time="9.741" classname="com.GCash_GGivesScripts.GCASHScripts"/>
  <system-out/>
  <testcase name="Login" time="120.302" classname="com.GCash_GGivesScripts.GCASHScripts"/>
  <system-out/>
  <testcase name="gGivesHomePage" time="46.462" classname="com.GCash_GGivesScripts.GCASHScripts"/>
  <system-out/>
  <testcase name="gGivesViewPage" time="3.493" classname="com.GCash_GGivesScripts.GCASHScripts"/>
  <system-out/>
  <testcase name="gGivesDashboardPage" time="101.706" classname="com.GCash_GGivesScripts.GCASHScripts"/>
  <system-out/>
  <testcase name="gGivesDuesPage" time="0.563" classname="com.GCash_GGivesScripts.GCASHScripts"/>
  <system-out/>
  <testcase name="gGivesPaymentPage" time="1.080" classname="com.GCash_GGivesScripts.GCASHScripts"/>
  <system-out/>
  <testcase name="gCashLogoutPage" time="4.998" classname="com.GCash_GGivesScripts.GCASHScripts"/>
  <system-out/>
  <testcase name="gSaveLoginPage" time="61.636" classname="com.GCash_GGivesScripts.GCASHScripts"/>
  <system-out/>
  <testcase name="gSaveTransactionPage" time="71.552" classname="com.GCash_GGivesScripts.GCASHScripts"/>
  <system-out/>
  <testcase name="gSaveConfirmPage" time="47.351" classname="com.GCash_GGivesScripts.GCASHScripts"/>
  <system-out/>
</testsuite> <!-- com.GCash_GGivesScripts.GCASHScripts -->
