<?xml version="1.0" encoding="UTF-8"?>
<!-- Generated by org.testng.reporters.JUnitReportReporter -->
<testsuite skipped="0" hostname="DESKTOP-077G3EM" name="com.GCash_GGivesScripts.GCASHScripts" tests="11" failures="0" timestamp="2022-09-28T15:17:17 IST" time="609.953" errors="0">
  <testcase name="Allowpopup" time="12.112" classname="com.GCash_GGivesScripts.GCASHScripts"/>
  <system-out/>
  <testcase name="Login" time="123.864" classname="com.GCash_GGivesScripts.GCASHScripts"/>
  <system-out/>
  <testcase name="gGivesHomePage" time="69.891" classname="com.GCash_GGivesScripts.GCASHScripts"/>
  <system-out/>
  <testcase name="gGivesViewPage" time="3.177" classname="com.GCash_GGivesScripts.GCASHScripts"/>
  <system-out/>
  <testcase name="gGivesDashboardPage" time="139.113" classname="com.GCash_GGivesScripts.GCASHScripts"/>
  <system-out/>
  <testcase name="gGivesDuesPage" time="0.859" classname="com.GCash_GGivesScripts.GCASHScripts"/>
  <system-out/>
  <testcase name="gGivesPaymentPage" time="0.904" classname="com.GCash_GGivesScripts.GCASHScripts"/>
  <system-out/>
  <testcase name="gCashLogoutPage" time="5.051" classname="com.GCash_GGivesScripts.GCASHScripts"/>
  <system-out/>
  <testcase name="gSaveLoginPage" time="87.259" classname="com.GCash_GGivesScripts.GCASHScripts"/>
  <system-out/>
  <testcase name="gSaveTransactionPage" time="118.208" classname="com.GCash_GGivesScripts.GCASHScripts"/>
  <system-out/>
  <testcase name="gSaveConfirmPage" time="49.515" classname="com.GCash_GGivesScripts.GCASHScripts"/>
  <system-out/>
</testsuite> <!-- com.GCash_GGivesScripts.GCASHScripts -->
