<?xml version="1.0" encoding="UTF-8"?>
<!-- Generated by org.testng.reporters.JUnitReportReporter -->
<testsuite skipped="0" hostname="DESKTOP-077G3EM" name="com.GCash_GGivesScripts.GCASHScripts" tests="11" failures="0" timestamp="2022-09-28T20:19:10 IST" time="551.083" errors="0">
  <testcase name="Allowpopup" time="12.803" classname="com.GCash_GGivesScripts.GCASHScripts"/>
  <system-out/>
  <testcase name="Login" time="131.217" classname="com.GCash_GGivesScripts.GCASHScripts"/>
  <system-out/>
  <testcase name="gGivesHomePage" time="44.721" classname="com.GCash_GGivesScripts.GCASHScripts"/>
  <system-out/>
  <testcase name="gGivesViewPage" time="3.392" classname="com.GCash_GGivesScripts.GCASHScripts"/>
  <system-out/>
  <testcase name="gGivesDashboardPage" time="108.525" classname="com.GCash_GGivesScripts.GCASHScripts"/>
  <system-out/>
  <testcase name="gGivesDuesPage" time="0.745" classname="com.GCash_GGivesScripts.GCASHScripts"/>
  <system-out/>
  <testcase name="gGivesPaymentPage" time="51.080" classname="com.GCash_GGivesScripts.GCASHScripts"/>
  <system-out/>
  <testcase name="gCashLogoutPage" time="6.196" classname="com.GCash_GGivesScripts.GCASHScripts"/>
  <system-out/>
  <testcase name="gSaveLoginPage" time="63.337" classname="com.GCash_GGivesScripts.GCASHScripts"/>
  <system-out/>
  <testcase name="gSaveTransactionPage" time="77.220" classname="com.GCash_GGivesScripts.GCASHScripts"/>
  <system-out/>
  <testcase name="gSaveConfirmPage" time="51.847" classname="com.GCash_GGivesScripts.GCASHScripts"/>
  <system-out/>
</testsuite> <!-- com.GCash_GGivesScripts.GCASHScripts -->
